<?xml version="1.0" encoding="UTF-8"?>
<testsuite name="com.example.expenses_tracker.ExpensesTrackerApplicationTests" tests="1" skipped="0" failures="0" errors="0" timestamp="2026-04-22T21:42:31.340Z" hostname="SURYAPUTRA" time="0.728">
  <properties/>
  <testcase name="contextLoads()" classname="com.example.expenses_tracker.ExpensesTrackerApplicationTests" time="0.728"/>
  <system-out><![CDATA[03:12:25.716 [Test worker] INFO org.springframework.test.context.support.AnnotationConfigContextLoaderUtils -- Could not detect default configuration classes for test class [com.example.expenses_tracker.ExpensesTrackerApplicationTests]: ExpensesTrackerApplicationTests does not declare any static, non-private, non-final, nested classes annotated with @Configuration.
03:12:25.861 [Test worker] INFO org.springframework.boot.test.context.SpringBootTestContextBootstrapper -- Found @SpringBootConfiguration com.example.expenses_tracker.ExpensesTrackerApplication for test class com.example.expenses_tracker.ExpensesTrackerApplicationTests
03:12:26.015 [Test worker] INFO org.springframework.test.context.support.AnnotationConfigContextLoaderUtils -- Could not detect default configuration classes for test class [com.example.expenses_tracker.ExpensesTrackerApplicationTests]: ExpensesTrackerApplicationTests does not declare any static, non-private, non-final, nested classes annotated with @Configuration.
03:12:26.017 [Test worker] INFO org.springframework.boot.test.context.SpringBootTestContextBootstrapper -- Found @SpringBootConfiguration com.example.expenses_tracker.ExpensesTrackerApplication for test class com.example.expenses_tracker.ExpensesTrackerApplicationTests

  .   ____          _            __ _ _
 /\\ / ___'_ __ _ _(_)_ __  __ _ \ \ \ \
( ( )\___ | '_ | '_| | '_ \/ _` | \ \ \ \
 \\/  ___)| |_)| | | | | || (_| |  ) ) ) )
  '  |____| .__|_| |_|_| |_\__, | / / / /
 =========|_|==============|___/=/_/_/_/

 :: Spring Boot ::                (v4.0.5)

2026-04-23T03:12:26.539+05:30  INFO 13640 --- [expenses_tracker] [    Test worker] c.e.e.ExpensesTrackerApplicationTests    : Starting ExpensesTrackerApplicationTests using Java 17.0.16 with PID 13640 (started by Arpit in C:\new project\expenses_tracker\expenses_tracker)
2026-04-23T03:12:26.542+05:30  INFO 13640 --- [expenses_tracker] [    Test worker] c.e.e.ExpensesTrackerApplicationTests    : No active profile set, falling back to 1 default profile: "default"
2026-04-23T03:12:27.459+05:30  INFO 13640 --- [expenses_tracker] [    Test worker] .s.d.r.c.RepositoryConfigurationDelegate : Bootstrapping Spring Data JPA repositories in DEFAULT mode.
2026-04-23T03:12:27.534+05:30  INFO 13640 --- [expenses_tracker] [    Test worker] .s.d.r.c.RepositoryConfigurationDelegate : Finished Spring Data repository scanning in 60 ms. Found 2 JPA repository interfaces.
2026-04-23T03:12:28.008+05:30  INFO 13640 --- [expenses_tracker] [    Test worker] org.hibernate.orm.jpa                    : HHH008540: Processing PersistenceUnitInfo [name: default]
2026-04-23T03:12:28.102+05:30  INFO 13640 --- [expenses_tracker] [    Test worker] org.hibernate.orm.core                   : HHH000001: Hibernate ORM core version 7.2.7.Final
2026-04-23T03:12:28.826+05:30  INFO 13640 --- [expenses_tracker] [    Test worker] o.s.o.j.p.SpringPersistenceUnitInfo      : No LoadTimeWeaver setup: ignoring JPA class transformer
2026-04-23T03:12:28.883+05:30  INFO 13640 --- [expenses_tracker] [    Test worker] com.zaxxer.hikari.HikariDataSource       : HikariPool-1 - Starting...
2026-04-23T03:12:29.119+05:30  INFO 13640 --- [expenses_tracker] [    Test worker] com.zaxxer.hikari.pool.HikariPool        : HikariPool-1 - Added connection conn0: url=jdbc:h2:file:./data/expensesdb user=SA
2026-04-23T03:12:29.121+05:30  INFO 13640 --- [expenses_tracker] [    Test worker] com.zaxxer.hikari.HikariDataSource       : HikariPool-1 - Start completed.
2026-04-23T03:12:29.189+05:30  INFO 13640 --- [expenses_tracker] [    Test worker] org.hibernate.orm.connections.pooling    : HHH10001005: Database info:
	Database JDBC URL [jdbc:h2:file:./data/expensesdb]
	Database driver: H2 JDBC Driver
	Database dialect: H2Dialect
	Database version: 2.4.240
	Default catalog/schema: EXPENSESDB/PUBLIC
	Autocommit mode: undefined/unknown
	Isolation level: READ_COMMITTED [default READ_COMMITTED]
	JDBC fetch size: 100
	Pool: DataSourceConnectionProvider
	Minimum pool size: undefined/unknown
	Maximum pool size: undefined/unknown
2026-04-23T03:12:30.098+05:30  INFO 13640 --- [expenses_tracker] [    Test worker] org.hibernate.orm.core                   : HHH000489: No JTA platform available (set 'hibernate.transaction.jta.platform' to enable JTA platform integration)
2026-04-23T03:12:30.149+05:30  INFO 13640 --- [expenses_tracker] [    Test worker] j.LocalContainerEntityManagerFactoryBean : Initialized JPA EntityManagerFactory for persistence unit 'default'
2026-04-23T03:12:30.260+05:30  INFO 13640 --- [expenses_tracker] [    Test worker] o.s.d.j.r.query.QueryEnhancerFactories   : Hibernate is in classpath; If applicable, HQL parser will be used.
2026-04-23T03:12:30.622+05:30  WARN 13640 --- [expenses_tracker] [    Test worker] JpaBaseConfiguration$JpaWebConfiguration : spring.jpa.open-in-view is enabled by default. Therefore, database queries may be performed during view rendering. Explicitly configure spring.jpa.open-in-view to disable this warning
2026-04-23T03:12:30.650+05:30  INFO 13640 --- [expenses_tracker] [    Test worker] o.s.b.w.a.WelcomePageHandlerMapping      : Adding welcome page template: index
2026-04-23T03:12:31.318+05:30  INFO 13640 --- [expenses_tracker] [    Test worker] c.e.e.ExpensesTrackerApplicationTests    : Started ExpensesTrackerApplicationTests in 5.192 seconds (process running for 7.333)
]]></system-out>
  <system-err><![CDATA[]]></system-err>
</testsuite>
